<?xml version="1.0" encoding="UTF-8"?>
<testng-results ignored="0" total="9" passed="9" failed="0" skipped="0">
  <reporter-output>
  </reporter-output>
  <suite started-at="2026-05-05T14:57:54 IST" name="Inventory Pro Automation Suite" finished-at="2026-05-05T14:59:16 IST" duration-ms="82496">
    <groups>
    </groups>
    <test started-at="2026-05-05T14:57:54 IST" name="Regression Tests" finished-at="2026-05-05T14:59:16 IST" duration-ms="82496">
      <class name="com.inventory.tests.ProductTest">
        <test-method is-config="true" signature="setUp()[pri:0, instance:com.inventory.tests.ProductTest@1a6c1270]" started-at="2026-05-05T14:58:09 IST" name="setUp" finished-at="2026-05-05T14:58:11 IST" duration-ms="2826" status="PASS">
          <reporter-output>
          </reporter-output>
        </test-method> <!-- setUp -->
        <test-method is-config="true" signature="loginAsAdmin()[pri:0, instance:com.inventory.tests.ProductTest@1a6c1270]" started-at="2026-05-05T14:58:11 IST" name="loginAsAdmin" finished-at="2026-05-05T14:58:12 IST" duration-ms="432" status="PASS">
          <reporter-output>
          </reporter-output>
        </test-method> <!-- loginAsAdmin -->
        <test-method signature="verifyAddNewProduct()[pri:1, instance:com.inventory.tests.ProductTest@1a6c1270]" started-at="2026-05-05T14:58:12 IST" name="verifyAddNewProduct" description="Verify admin can add a new product" finished-at="2026-05-05T14:58:15 IST" duration-ms="2817" status="PASS">
          <reporter-output>
          </reporter-output>
        </test-method> <!-- verifyAddNewProduct -->
        <test-method is-config="true" signature="tearDown()[pri:0, instance:com.inventory.tests.ProductTest@1a6c1270]" started-at="2026-05-05T14:58:15 IST" name="tearDown" finished-at="2026-05-05T14:58:15 IST" duration-ms="513" status="PASS">
          <reporter-output>
          </reporter-output>
        </test-method> <!-- tearDown -->
        <test-method is-config="true" signature="setUp()[pri:0, instance:com.inventory.tests.ProductTest@1a6c1270]" started-at="2026-05-05T14:58:15 IST" name="setUp" finished-at="2026-05-05T14:58:18 IST" duration-ms="2272" status="PASS">
          <reporter-output>
          </reporter-output>
        </test-method> <!-- setUp -->
        <test-method is-config="true" signature="loginAsAdmin()[pri:0, instance:com.inventory.tests.ProductTest@1a6c1270]" started-at="2026-05-05T14:58:18 IST" name="loginAsAdmin" finished-at="2026-05-05T14:58:18 IST" duration-ms="415" status="PASS">
          <reporter-output>
          </reporter-output>
        </test-method> <!-- loginAsAdmin -->
        <test-method signature="verifySearchProduct()[pri:2, instance:com.inventory.tests.ProductTest@1a6c1270]" started-at="2026-05-05T14:58:18 IST" name="verifySearchProduct" description="Verify product can be searched by name or SKU" finished-at="2026-05-05T14:58:21 IST" duration-ms="2611" status="PASS">
          <reporter-output>
          </reporter-output>
        </test-method> <!-- verifySearchProduct -->
        <test-method is-config="true" signature="tearDown()[pri:0, instance:com.inventory.tests.ProductTest@1a6c1270]" started-at="2026-05-05T14:58:21 IST" name="tearDown" finished-at="2026-05-05T14:58:21 IST" duration-ms="517" status="PASS">
          <reporter-output>
          </reporter-output>
        </test-method> <!-- tearDown -->
        <test-method is-config="true" signature="setUp()[pri:0, instance:com.inventory.tests.ProductTest@1a6c1270]" started-at="2026-05-05T14:58:21 IST" name="setUp" finished-at="2026-05-05T14:58:23 IST" duration-ms="2023" status="PASS">
          <reporter-output>
          </reporter-output>
        </test-method> <!-- setUp -->
        <test-method is-config="true" signature="loginAsAdmin()[pri:0, instance:com.inventory.tests.ProductTest@1a6c1270]" started-at="2026-05-05T14:58:23 IST" name="loginAsAdmin" finished-at="2026-05-05T14:58:24 IST" duration-ms="389" status="PASS">
          <reporter-output>
          </reporter-output>
        </test-method> <!-- loginAsAdmin -->
        <test-method signature="verifyEditProduct()[pri:3, instance:com.inventory.tests.ProductTest@1a6c1270]" started-at="2026-05-05T14:58:24 IST" name="verifyEditProduct" description="Verify admin can edit existing product" finished-at="2026-05-05T14:58:27 IST" duration-ms="3417" status="PASS">
          <reporter-output>
          </reporter-output>
        </test-method> <!-- verifyEditProduct -->
        <test-method is-config="true" signature="tearDown()[pri:0, instance:com.inventory.tests.ProductTest@1a6c1270]" started-at="2026-05-05T14:58:27 IST" name="tearDown" finished-at="2026-05-05T14:58:28 IST" duration-ms="578" status="PASS">
          <reporter-output>
          </reporter-output>
        </test-method> <!-- tearDown -->
        <test-method is-config="true" signature="setUp()[pri:0, instance:com.inventory.tests.ProductTest@1a6c1270]" started-at="2026-05-05T14:58:28 IST" name="setUp" finished-at="2026-05-05T14:58:30 IST" duration-ms="2388" status="PASS">
          <reporter-output>
          </reporter-output>
        </test-method> <!-- setUp -->
        <test-method is-config="true" signature="loginAsAdmin()[pri:0, instance:com.inventory.tests.ProductTest@1a6c1270]" started-at="2026-05-05T14:58:30 IST" name="loginAsAdmin" finished-at="2026-05-05T14:58:31 IST" duration-ms="394" status="PASS">
          <reporter-output>
          </reporter-output>
        </test-method> <!-- loginAsAdmin -->
        <test-method signature="verifyDeleteProduct()[pri:4, instance:com.inventory.tests.ProductTest@1a6c1270]" started-at="2026-05-05T14:58:31 IST" name="verifyDeleteProduct" description="Verify admin can delete existing product" finished-at="2026-05-05T14:58:49 IST" duration-ms="17864" status="PASS">
          <reporter-output>
          </reporter-output>
        </test-method> <!-- verifyDeleteProduct -->
        <test-method is-config="true" signature="tearDown()[pri:0, instance:com.inventory.tests.ProductTest@1a6c1270]" started-at="2026-05-05T14:58:49 IST" name="tearDown" finished-at="2026-05-05T14:58:49 IST" duration-ms="221" status="PASS">
          <reporter-output>
          </reporter-output>
        </test-method> <!-- tearDown -->
      </class> <!-- com.inventory.tests.ProductTest -->
      <class name="com.inventory.tests.LoginTest">
        <test-method is-config="true" signature="setUp()[pri:0, instance:com.inventory.tests.LoginTest@6155d082]" started-at="2026-05-05T14:57:54 IST" name="setUp" finished-at="2026-05-05T14:57:59 IST" duration-ms="5364" status="PASS">
          <reporter-output>
          </reporter-output>
        </test-method> <!-- setUp -->
        <test-method signature="verifySuccessfulLogin()[pri:1, instance:com.inventory.tests.LoginTest@6155d082]" started-at="2026-05-05T14:57:59 IST" name="verifySuccessfulLogin" description="Verify successful login with valid admin credentials" finished-at="2026-05-05T14:58:01 IST" duration-ms="1643" status="PASS">
          <reporter-output>
          </reporter-output>
        </test-method> <!-- verifySuccessfulLogin -->
        <test-method is-config="true" signature="tearDown()[pri:0, instance:com.inventory.tests.LoginTest@6155d082]" started-at="2026-05-05T14:58:01 IST" name="tearDown" finished-at="2026-05-05T14:58:01 IST" duration-ms="246" status="PASS">
          <reporter-output>
          </reporter-output>
        </test-method> <!-- tearDown -->
        <test-method is-config="true" signature="setUp()[pri:0, instance:com.inventory.tests.LoginTest@6155d082]" started-at="2026-05-05T14:58:01 IST" name="setUp" finished-at="2026-05-05T14:58:03 IST" duration-ms="2071" status="PASS">
          <reporter-output>
          </reporter-output>
        </test-method> <!-- setUp -->
        <test-method signature="verifyInvalidPasswordLogin()[pri:2, instance:com.inventory.tests.LoginTest@6155d082]" started-at="2026-05-05T14:58:03 IST" name="verifyInvalidPasswordLogin" description="Verify login failure with invalid password" finished-at="2026-05-05T14:58:05 IST" duration-ms="1799" status="PASS">
          <reporter-output>
          </reporter-output>
        </test-method> <!-- verifyInvalidPasswordLogin -->
        <test-method is-config="true" signature="tearDown()[pri:0, instance:com.inventory.tests.LoginTest@6155d082]" started-at="2026-05-05T14:58:05 IST" name="tearDown" finished-at="2026-05-05T14:58:06 IST" duration-ms="205" status="PASS">
          <reporter-output>
          </reporter-output>
        </test-method> <!-- tearDown -->
        <test-method is-config="true" signature="setUp()[pri:0, instance:com.inventory.tests.LoginTest@6155d082]" started-at="2026-05-05T14:58:06 IST" name="setUp" finished-at="2026-05-05T14:58:08 IST" duration-ms="2323" status="PASS">
          <reporter-output>
          </reporter-output>
        </test-method> <!-- setUp -->
        <test-method signature="verifyEmptyLoginValidation()[pri:3, instance:com.inventory.tests.LoginTest@6155d082]" started-at="2026-05-05T14:58:08 IST" name="verifyEmptyLoginValidation" description="Verify login validation for empty fields" finished-at="2026-05-05T14:58:08 IST" duration-ms="197" status="PASS">
          <reporter-output>
          </reporter-output>
        </test-method> <!-- verifyEmptyLoginValidation -->
        <test-method is-config="true" signature="tearDown()[pri:0, instance:com.inventory.tests.LoginTest@6155d082]" started-at="2026-05-05T14:58:08 IST" name="tearDown" finished-at="2026-05-05T14:58:09 IST" duration-ms="327" status="PASS">
          <reporter-output>
          </reporter-output>
        </test-method> <!-- tearDown -->
      </class> <!-- com.inventory.tests.LoginTest -->
      <class name="com.inventory.tests.OrderTest">
        <test-method is-config="true" signature="setUp()[pri:0, instance:com.inventory.tests.OrderTest@331acdad]" started-at="2026-05-05T14:58:49 IST" name="setUp" finished-at="2026-05-05T14:58:51 IST" duration-ms="2184" status="PASS">
          <reporter-output>
          </reporter-output>
        </test-method> <!-- setUp -->
        <test-method is-config="true" signature="loginAndCreateProduct()[pri:0, instance:com.inventory.tests.OrderTest@331acdad]" started-at="2026-05-05T14:58:51 IST" name="loginAndCreateProduct" finished-at="2026-05-05T14:58:53 IST" duration-ms="2115" status="PASS">
          <reporter-output>
          </reporter-output>
        </test-method> <!-- loginAndCreateProduct -->
        <test-method signature="verifyCreateNewOrder()[pri:1, instance:com.inventory.tests.OrderTest@331acdad]" started-at="2026-05-05T14:58:53 IST" name="verifyCreateNewOrder" description="Verify user can create a new order" finished-at="2026-05-05T14:58:57 IST" duration-ms="3971" status="PASS">
          <reporter-output>
          </reporter-output>
        </test-method> <!-- verifyCreateNewOrder -->
        <test-method is-config="true" signature="tearDown()[pri:0, instance:com.inventory.tests.OrderTest@331acdad]" started-at="2026-05-05T14:58:57 IST" name="tearDown" finished-at="2026-05-05T14:58:58 IST" duration-ms="236" status="PASS">
          <reporter-output>
          </reporter-output>
        </test-method> <!-- tearDown -->
        <test-method is-config="true" signature="setUp()[pri:0, instance:com.inventory.tests.OrderTest@331acdad]" started-at="2026-05-05T14:58:58 IST" name="setUp" finished-at="2026-05-05T14:59:00 IST" duration-ms="2199" status="PASS">
          <reporter-output>
          </reporter-output>
        </test-method> <!-- setUp -->
        <test-method is-config="true" signature="loginAndCreateProduct()[pri:0, instance:com.inventory.tests.OrderTest@331acdad]" started-at="2026-05-05T14:59:00 IST" name="loginAndCreateProduct" finished-at="2026-05-05T14:59:02 IST" duration-ms="2291" status="PASS">
          <reporter-output>
          </reporter-output>
        </test-method> <!-- loginAndCreateProduct -->
        <test-method signature="verifyOderIsCreated()[pri:2, instance:com.inventory.tests.OrderTest@331acdad]" started-at="2026-05-05T14:59:02 IST" name="verifyOderIsCreated" description="Verify order appears in order list" finished-at="2026-05-05T14:59:16 IST" depends-on-methods="com.inventory.tests.OrderTest.verifyCreateNewOrder" duration-ms="13543" status="PASS">
          <reporter-output>
          </reporter-output>
        </test-method> <!-- verifyOderIsCreated -->
        <test-method is-config="true" signature="tearDown()[pri:0, instance:com.inventory.tests.OrderTest@331acdad]" started-at="2026-05-05T14:59:16 IST" name="tearDown" finished-at="2026-05-05T14:59:16 IST" duration-ms="510" status="PASS">
          <reporter-output>
          </reporter-output>
        </test-method> <!-- tearDown -->
      </class> <!-- com.inventory.tests.OrderTest -->
    </test> <!-- Regression Tests -->
  </suite> <!-- Inventory Pro Automation Suite -->
</testng-results>
