<?xml version="1.0" encoding="UTF-8"?>
<!-- Generated by org.testng.reporters.JUnitReportReporter -->
<testsuite hostname="DESKTOP-J6FIPPK" failures="0" tests="4" name="com.inventory.tests.ProductTest" time="39.677" errors="0" timestamp="2026-05-05T14:59:17 IST" skipped="0">
  <testcase classname="com.inventory.tests.ProductTest" name="verifyAddNewProduct" time="6.111"/>
  <testcase classname="com.inventory.tests.ProductTest" name="verifySearchProduct" time="5.287"/>
  <testcase classname="com.inventory.tests.ProductTest" name="verifyEditProduct" time="6.682"/>
  <testcase classname="com.inventory.tests.ProductTest" name="verifyDeleteProduct" time="21.597"/>
</testsuite> <!-- com.inventory.tests.ProductTest -->
