<?xml version="1.0" encoding="UTF-8"?>
<!-- Generated by org.testng.reporters.JUnitReportReporter -->
<testsuite hostname="DESKTOP-J6FIPPK" failures="0" tests="3" name="com.inventory.tests.LoginTest" time="14.175" errors="0" timestamp="2026-05-05T14:59:17 IST" skipped="0">
  <testcase classname="com.inventory.tests.LoginTest" name="verifySuccessfulLogin" time="7.212"/>
  <testcase classname="com.inventory.tests.LoginTest" name="verifyInvalidPasswordLogin" time="4.116"/>
  <testcase classname="com.inventory.tests.LoginTest" name="verifyEmptyLoginValidation" time="2.847"/>
</testsuite> <!-- com.inventory.tests.LoginTest -->
