<?xml version="1.0" encoding="UTF-8"?>
<!-- Generated by org.testng.reporters.JUnitReportReporter -->
<testsuite hostname="DESKTOP-J6FIPPK" failures="0" tests="2" name="com.inventory.tests.OrderTest" time="27.049" errors="0" timestamp="2026-05-05T14:59:17 IST" skipped="0">
  <testcase classname="com.inventory.tests.OrderTest" name="verifyCreateNewOrder" time="8.521"/>
  <testcase classname="com.inventory.tests.OrderTest" name="verifyOderIsCreated" time="18.528"/>
</testsuite> <!-- com.inventory.tests.OrderTest -->
