<?xml version="1.0" encoding="UTF-8"?>
<!-- Generated by org.testng.reporters.JUnitXMLReporter -->
<testsuite ignored="0" hostname="DESKTOP-J6FIPPK" failures="0" tests="9" name="Regression Tests" time="82.496" errors="0" timestamp="2026-05-05T14:59:17 IST">
  <testcase classname="com.inventory.tests.LoginTest" name="verifySuccessfulLogin" time="1.643"/>
  <testcase classname="com.inventory.tests.LoginTest" name="verifyInvalidPasswordLogin" time="1.799"/>
  <testcase classname="com.inventory.tests.LoginTest" name="verifyEmptyLoginValidation" time="0.197"/>
  <testcase classname="com.inventory.tests.ProductTest" name="verifyAddNewProduct" time="2.817"/>
  <testcase classname="com.inventory.tests.ProductTest" name="verifySearchProduct" time="2.611"/>
  <testcase classname="com.inventory.tests.ProductTest" name="verifyEditProduct" time="3.417"/>
  <testcase classname="com.inventory.tests.ProductTest" name="verifyDeleteProduct" time="17.864"/>
  <testcase classname="com.inventory.tests.OrderTest" name="verifyCreateNewOrder" time="3.971"/>
  <testcase classname="com.inventory.tests.OrderTest" name="verifyOderIsCreated" time="13.543"/>
</testsuite> <!-- Regression Tests -->
